<?xml version="1.0" encoding="UTF-8"?>
<testsuite xmlns:xsi="http://www.w3.org/2001/XMLSchema-instance" xsi:noNamespaceSchemaLocation="https://maven.apache.org/surefire/maven-surefire-plugin/xsd/surefire-test-report.xsd" name="com.bajajhealth.HashGeneratorTest" time="0.083" tests="3" errors="0" skipped="0" failures="0">
  <properties>
[...]
</properties>
  <testcase name="testGenerateMD5HashEmptyString" classname="com.bajajhealth.HashGeneratorTest" time="0.066"/>
  <testcase name="testGenerateMD5HashConsistency" classname="com.bajajhealth.HashGeneratorTest" time="0.005"/>
  <testcase name="testGenerateMD5Hash" classname="com.bajajhealth.HashGeneratorTest" time="0"/>
</testsuite>